
========================================
TIMESTAMP: 2026-07-15T08:37:58.978Z
TO: kanuparthikasyap95@gmail.com
SUBJECT: Welcome to your Wonder Wedding Workspace: krishna xxxxxx
BODY:

Hello ramki,

You have been added as a admin member for the wedding planning workspace: "krishna xxxxxx".

Here are your login credentials:
- URL: http://localhost:3000/login
- Email: kanuparthikasyap95@gmail.com
- Temporary Password: Pass@123

Please login and change your password as soon as possible.

Best regards,
The Wonder Wedding Platform Team

========================================

========================================
TIMESTAMP: 2026-07-15T16:16:53.326Z
TO: kanuparthikasyap95@gmail.com
SUBJECT: Welcome to your Wonder Wedding Workspace: Pranathi&Abhiram
BODY:

Hello Krishna,

You have been added as a family member for the wedding planning workspace: "Pranathi&Abhiram".

Here are your login credentials:
- URL: http://localhost:3000/login
- Email: kanuparthikasyap95@gmail.com
- Temporary Password: Pass@123

Please login and change your password as soon as possible.

Best regards,
The Wonder Wedding Platform Team

========================================

========================================
TIMESTAMP: 2026-07-15T16:32:46.577Z
TO: kanuparthikasyap95@gmail.com
SUBJECT: New Task Assigned: "book kd" - Pranathi&Abhiram
BODY:

Hello Krishna,

A new task has been assigned to you in the wedding workspace "Pranathi&Abhiram":

Task Name: book kd
Due Date: Monday, 13 July 2026

Please check your planner suite dashboard to see details and update progress.

Best regards,
Wonder Wedding Suite Alert System

========================================
